# JRE version: Java(TM) SE Runtime Environment (23.0.1+11) (build 23.0.1+11-39)
# Java VM: Java HotSpot(TM) 64-Bit Server VM (23.0.1+11-39, mixed mode, sharing, tiered, compressed oops, compressed class ptrs, g1 gc, windows-amd64)
GC Precious Log:
 CardTable entry size: 512
 Card Set container configuration: InlinePtr #cards 4 size 8 Array Of Cards #cards 16 size 48 Howl #buckets 8 coarsen threshold 3686 Howl Bitmap #cards 512 size 80 coarsen threshold 460 Card regions per heap region 1 cards per card region 4096
 CPUs: 4 total, 4 available
 Memory: 11947M
 Large Page Support: Disabled
 NUMA Support: Disabled
 Compressed Oops: Enabled (Zero based)
 Heap Region Size: 2M
 Heap Min Capacity: 8M
 Heap Initial Capacity: 188M
 Heap Max Capacity: 2988M
 Pre-touch: Disabled
 Parallel Workers: 4
 Concurrent Workers: 1
 Concurrent Refinement Workers: 4
 Periodic GC: Disabled
Heap:
 garbage-first heap   total reserved 3059712K, committed 81920K, used 66790K [0x0000000745400000, 0x0000000800000000)
  region size 2048K, 10 young (20480K), 1 survivors (2048K)
 Metaspace       used 36474K, committed 37056K, reserved 1114112K
  class space    used 4329K, committed 4608K, reserved 1048576K
GC Heap History (18 events):
Event: 0.614 GC heap before
{Heap before GC invocations=0 (full 0):
 garbage-first heap   total reserved 3059712K, committed 192512K, used 12288K [0x0000000745400000, 0x0000000800000000)
  region size 2048K, 7 young (14336K), 0 survivors (0K)
 Metaspace       used 8784K, committed 9024K, reserved 1114112K
  class space    used 1018K, committed 1152K, reserved 1048576K
}
Event: 0.619 GC heap after
{Heap after GC invocations=1 (full 0):
 garbage-first heap   total reserved 3059712K, committed 192512K, used 7558K [0x0000000745400000, 0x0000000800000000)
  region size 2048K, 1 young (2048K), 1 survivors (2048K)
 Metaspace       used 8784K, committed 9024K, reserved 1114112K
  class space    used 1018K, committed 1152K, reserved 1048576K
}
Event: 7.738 GC heap before
{Heap before GC invocations=1 (full 0):
 garbage-first heap   total reserved 3059712K, committed 192512K, used 19846K [0x0000000745400000, 0x0000000800000000)
  region size 2048K, 6 young (12288K), 1 survivors (2048K)
 Metaspace       used 15634K, committed 15872K, reserved 1114112K
  class space    used 1773K, committed 1856K, reserved 1048576K
}
Event: 7.742 GC heap after
{Heap after GC invocations=2 (full 0):
 garbage-first heap   total reserved 3059712K, committed 192512K, used 14469K [0x0000000745400000, 0x0000000800000000)
  region size 2048K, 1 young (2048K), 1 survivors (2048K)
 Metaspace       used 15634K, committed 15872K, reserved 1114112K
  class space    used 1773K, committed 1856K, reserved 1048576K
}
Event: 12.929 GC heap before
{Heap before GC invocations=2 (full 0):
 garbage-first heap   total reserved 3059712K, committed 192512K, used 22661K [0x0000000745400000, 0x0000000800000000)
  region size 2048K, 6 young (12288K), 1 survivors (2048K)
 Metaspace       used 21256K, committed 21504K, reserved 1114112K
  class space    used 2433K, committed 2560K, reserved 1048576K
}
Event: 12.938 GC heap after
{Heap after GC invocations=3 (full 0):
 garbage-first heap   total reserved 3059712K, committed 192512K, used 16406K [0x0000000745400000, 0x0000000800000000)
  region size 2048K, 2 young (4096K), 2 survivors (4096K)
 Metaspace       used 21256K, committed 21504K, reserved 1114112K
  class space    used 2433K, committed 2560K, reserved 1048576K
}
Event: 31.840 GC heap before
{Heap before GC invocations=4 (full 0):
 garbage-first heap   total reserved 3059712K, committed 61440K, used 53270K [0x0000000745400000, 0x0000000800000000)
  region size 2048K, 18 young (36864K), 2 survivors (4096K)
 Metaspace       used 30270K, committed 30592K, reserved 1114112K
  class space    used 3577K, committed 3712K, reserved 1048576K
}
Event: 31.846 GC heap after
{Heap after GC invocations=5 (full 0):
 garbage-first heap   total reserved 3059712K, committed 63488K, used 24428K [0x0000000745400000, 0x0000000800000000)
  region size 2048K, 3 young (6144K), 3 survivors (6144K)
 Metaspace       used 30270K, committed 30592K, reserved 1114112K
  class space    used 3577K, committed 3712K, reserved 1048576K
}
Event: 42.324 GC heap before
{Heap before GC invocations=5 (full 0):
 garbage-first heap   total reserved 3059712K, committed 63488K, used 36716K [0x0000000745400000, 0x0000000800000000)
  region size 2048K, 11 young (22528K), 3 survivors (6144K)
 Metaspace       used 35367K, committed 35968K, reserved 1114112K
  class space    used 4283K, committed 4544K, reserved 1048576K
}
Event: 42.330 GC heap after
{Heap after GC invocations=6 (full 0):
 garbage-first heap   total reserved 3059712K, committed 63488K, used 26086K [0x0000000745400000, 0x0000000800000000)
  region size 2048K, 2 young (4096K), 2 survivors (4096K)
 Metaspace       used 35367K, committed 35968K, reserved 1114112K
  class space    used 4283K, committed 4544K, reserved 1048576K
}
Event: 42.345 GC heap before
{Heap before GC invocations=6 (full 0):
 garbage-first heap   total reserved 3059712K, committed 63488K, used 26086K [0x0000000745400000, 0x0000000800000000)
  region size 2048K, 3 young (6144K), 2 survivors (4096K)
 Metaspace       used 35619K, committed 36224K, reserved 1114112K
  class space    used 4314K, committed 4544K, reserved 1048576K
}
Event: 42.347 GC heap after
{Heap after GC invocations=7 (full 0):
 garbage-first heap   total reserved 3059712K, committed 63488K, used 25792K [0x0000000745400000, 0x0000000800000000)
  region size 2048K, 1 young (2048K), 1 survivors (2048K)
 Metaspace       used 35619K, committed 36224K, reserved 1114112K
  class space    used 4314K, committed 4544K, reserved 1048576K
}
Event: 42.508 GC heap before
{Heap before GC invocations=7 (full 0):
 garbage-first heap   total reserved 3059712K, committed 63488K, used 54464K [0x0000000745400000, 0x0000000800000000)
  region size 2048K, 9 young (18432K), 1 survivors (2048K)
 Metaspace       used 35736K, committed 36288K, reserved 1114112K
  class space    used 4321K, committed 4544K, reserved 1048576K
}
Event: 42.510 GC heap after
{Heap after GC invocations=8 (full 0):
 garbage-first heap   total reserved 3059712K, committed 63488K, used 40108K [0x0000000745400000, 0x0000000800000000)
  region size 2048K, 1 young (2048K), 1 survivors (2048K)
 Metaspace       used 35736K, committed 36288K, reserved 1114112K
  class space    used 4321K, committed 4544K, reserved 1048576K
}
Event: 42.997 GC heap before
{Heap before GC invocations=9 (full 0):
 garbage-first heap   total reserved 3059712K, committed 79872K, used 62636K [0x0000000745400000, 0x0000000800000000)
  region size 2048K, 7 young (14336K), 1 survivors (2048K)
 Metaspace       used 36198K, committed 36864K, reserved 1114112K
  class space    used 4327K, committed 4608K, reserved 1048576K
}
Event: 42.999 GC heap after
{Heap after GC invocations=10 (full 0):
 garbage-first heap   total reserved 3059712K, committed 79872K, used 36216K [0x0000000745400000, 0x0000000800000000)
  region size 2048K, 1 young (2048K), 1 survivors (2048K)
 Metaspace       used 36198K, committed 36864K, reserved 1114112K
  class space    used 4327K, committed 4608K, reserved 1048576K
}
Event: 230.583 GC heap before
{Heap before GC invocations=10 (full 0):
 garbage-first heap   total reserved 3059712K, committed 79872K, used 75128K [0x0000000745400000, 0x0000000800000000)
  region size 2048K, 13 young (26624K), 1 survivors (2048K)
 Metaspace       used 36446K, committed 37056K, reserved 1114112K
  class space    used 4328K, committed 4608K, reserved 1048576K
}
Event: 230.586 GC heap after
{Heap after GC invocations=11 (full 0):
 garbage-first heap   total reserved 3059712K, committed 81920K, used 50406K [0x0000000745400000, 0x0000000800000000)
  region size 2048K, 1 young (2048K), 1 survivors (2048K)
 Metaspace       used 36446K, committed 37056K, reserved 1114112K
  class space    used 4328K, committed 4608K, reserved 1048576K
}

